d:\deures mvj\krakenrepo\dotgame\dotgame\release\vc141.pdb
d:\deures mvj\krakenrepo\dotgame\dotgame\release\vector2.obj
d:\deures mvj\krakenrepo\dotgame\dotgame\release\modulewindow.obj
d:\deures mvj\krakenrepo\dotgame\dotgame\release\moduletime.obj
d:\deures mvj\krakenrepo\dotgame\dotgame\release\moduletextures.obj
d:\deures mvj\krakenrepo\dotgame\dotgame\release\modulerender.obj
d:\deures mvj\krakenrepo\dotgame\dotgame\release\moduleinput.obj
d:\deures mvj\krakenrepo\dotgame\dotgame\release\modulegame.obj
d:\deures mvj\krakenrepo\dotgame\dotgame\release\gamestateplaying.obj
d:\deures mvj\krakenrepo\dotgame\dotgame\release\gamestateover.obj
d:\deures mvj\krakenrepo\dotgame\dotgame\release\gamestateintro.obj
d:\deures mvj\krakenrepo\dotgame\dotgame\release\gamestate.obj
d:\deures mvj\krakenrepo\dotgame\dotgame\release\dotgame.obj
d:\deures mvj\krakenrepo\dotgame\dotgame\release\cell.obj
d:\deures mvj\krakenrepo\dotgame\dotgame\release\application.obj
d:\deures mvj\krakenrepo\dotgame\release\dotgame.ipdb
d:\deures mvj\krakenrepo\dotgame\release\dotgame.iobj
d:\deures mvj\krakenrepo\dotgame\release\dotgame.exe
d:\deures mvj\krakenrepo\dotgame\release\dotgame.pdb
d:\deures mvj\krakenrepo\dotgame\dotgame\release\dotgame.tlog\cl.command.1.tlog
d:\deures mvj\krakenrepo\dotgame\dotgame\release\dotgame.tlog\cl.read.1.tlog
d:\deures mvj\krakenrepo\dotgame\dotgame\release\dotgame.tlog\cl.write.1.tlog
d:\deures mvj\krakenrepo\dotgame\dotgame\release\dotgame.tlog\dotgame.write.1u.tlog
d:\deures mvj\krakenrepo\dotgame\dotgame\release\dotgame.tlog\link.command.1.tlog
d:\deures mvj\krakenrepo\dotgame\dotgame\release\dotgame.tlog\link.read.1.tlog
d:\deures mvj\krakenrepo\dotgame\dotgame\release\dotgame.tlog\link.write.1.tlog
